Traceback (most recent call last):
  File "/home/panxopanza/miniconda3/lib/python3.11/site-packages/jupyter_cache/executors/utils.py", line 58, in single_nb_execution
    executenb(
  File "/home/panxopanza/miniconda3/lib/python3.11/site-packages/nbclient/client.py", line 1305, in execute
    return NotebookClient(nb=nb, resources=resources, km=km, **kwargs).execute()
           ^^^^^^^^^^^^^^^^^^^^^^^^^^^^^^^^^^^^^^^^^^^^^^^^^^^^^^^^^^^^^^^^^^^^^
  File "/home/panxopanza/miniconda3/lib/python3.11/site-packages/jupyter_core/utils/__init__.py", line 165, in wrapped
    return loop.run_until_complete(inner)
           ^^^^^^^^^^^^^^^^^^^^^^^^^^^^^^
  File "/home/panxopanza/miniconda3/lib/python3.11/asyncio/base_events.py", line 653, in run_until_complete
    return future.result()
           ^^^^^^^^^^^^^^^
  File "/home/panxopanza/miniconda3/lib/python3.11/site-packages/nbclient/client.py", line 705, in async_execute
    await self.async_execute_cell(
  File "/home/panxopanza/miniconda3/lib/python3.11/site-packages/nbclient/client.py", line 1058, in async_execute_cell
    await self._check_raise_for_error(cell, cell_index, exec_reply)
  File "/home/panxopanza/miniconda3/lib/python3.11/site-packages/nbclient/client.py", line 914, in _check_raise_for_error
    raise CellExecutionError.from_cell_and_msg(cell, exec_reply_content)
nbclient.exceptions.CellExecutionError: An error occurred while executing the following cell:
------------------
import empylib.rad_transfer as rt
import empylib.nklib as nk
import numpy as np
import matplotlib.pyplot as plt
from empylib.ref_spectra import AM15, Bplanck
from empylib.ref_spectra import color_system as cs
cs = cs.hdtv

lam1 = np.linspace(0.38,0.78,100) # espectro de longitudes de onda
cs.interp_internals(lam1)
def plot_atmosphere(theta_sun):
    fig, ax = plt.subplots()          
    fig.set_size_inches(6, 4)         # Tamaño del gráfico
    plt.rcParams['font.size'] = '12'  # tamaño de  fuente
    
    # parámetros de entrada
    tatm = 100E6                      # espesor de la atmósfera en mm
    N = (1.0,1.0,1.0)                 # indice de refracción superior, intermedio e inferior
    fvp = 1E-8                        # fracción de volúmen de las partículas
    Dp = 0.010                        # diámetro de las partículas
    Np = 1.5                          # índice de refracción de las partículas
    
    # transmitancia total y especular|
    theta = np.radians(theta_sun)    # posición del sol en radianes
    Ttot, Rtot, Tspec = rt.T_beer_lambert(lam1,theta,tatm,N,fvp,Dp,Np)
    
    Tdif = Ttot - Tspec              # transmitancia difusa
    ax.plot(lam1,Tdif,'-k',label = 'Tdif')
    ax.set_xlabel('Longitud de onda ($\mu$m)')
    ax.set_ylabel('Transmisividad')
    ax.set_title(r'Posición del sol, $\theta_\mathrm{sun}$=%.1f°'% (theta_sun))
    ax.set_ylim(0,1.05)
    
    Dcircle = 0.25
    ax2 = fig.add_axes([0.11,0.15, Dcircle, Dcircle])
    Irad = Tdif*Bplanck(lam1,5777)
    html_rgb = cs.spec_to_rgb(Irad, out_fmt='html')
    Circle = plt.Circle((0, 0), Dcircle, color=html_rgb)
    ax2.add_patch(Circle)
    ax2.set_aspect('equal')
    ax2.set_xlim(-Dcircle*1.2,Dcircle*1.2)
    ax2.set_ylim(-Dcircle*1.2,Dcircle*1.2)
    ax2.set_xticks([])
    ax2.set_yticks([])
    ax2.set_facecolor('k')
    plt.show()
------------------


[0;31m---------------------------------------------------------------------------[0m
[0;31mImportError[0m                               Traceback (most recent call last)
Cell [0;32mIn[6], line 6[0m
[1;32m      4[0m [38;5;28;01mimport[39;00m [38;5;21;01mmatplotlib[39;00m[38;5;21;01m.[39;00m[38;5;21;01mpyplot[39;00m [38;5;28;01mas[39;00m [38;5;21;01mplt[39;00m
[1;32m      5[0m [38;5;28;01mfrom[39;00m [38;5;21;01mempylib[39;00m[38;5;21;01m.[39;00m[38;5;21;01mref_spectra[39;00m [38;5;28;01mimport[39;00m AM15, Bplanck
[0;32m----> 6[0m [38;5;28;01mfrom[39;00m [38;5;21;01mempylib[39;00m[38;5;21;01m.[39;00m[38;5;21;01mref_spectra[39;00m [38;5;28;01mimport[39;00m color_system [38;5;28;01mas[39;00m cs
[1;32m      7[0m cs [38;5;241m=[39m cs[38;5;241m.[39mhdtv
[1;32m      9[0m lam1 [38;5;241m=[39m np[38;5;241m.[39mlinspace([38;5;241m0.38[39m,[38;5;241m0.78[39m,[38;5;241m100[39m) [38;5;66;03m# espectro de longitudes de onda[39;00m

[0;31mImportError[0m: cannot import name 'color_system' from 'empylib.ref_spectra' (/home/panxopanza/miniconda3/lib/python3.11/site-packages/empylib/ref_spectra.py)

