Traceback (most recent call last):
  File "/home/panxopanza/miniconda3/lib/python3.12/site-packages/jupyter_cache/executors/utils.py", line 58, in single_nb_execution
    executenb(
  File "/home/panxopanza/miniconda3/lib/python3.12/site-packages/nbclient/client.py", line 1305, in execute
    return NotebookClient(nb=nb, resources=resources, km=km, **kwargs).execute()
           ^^^^^^^^^^^^^^^^^^^^^^^^^^^^^^^^^^^^^^^^^^^^^^^^^^^^^^^^^^^^^^^^^^^^^
  File "/home/panxopanza/miniconda3/lib/python3.12/site-packages/jupyter_core/utils/__init__.py", line 173, in wrapped
    return loop.run_until_complete(inner)
           ^^^^^^^^^^^^^^^^^^^^^^^^^^^^^^
  File "/home/panxopanza/miniconda3/lib/python3.12/asyncio/base_events.py", line 685, in run_until_complete
    return future.result()
           ^^^^^^^^^^^^^^^
  File "/home/panxopanza/miniconda3/lib/python3.12/site-packages/nbclient/client.py", line 705, in async_execute
    await self.async_execute_cell(
  File "/home/panxopanza/miniconda3/lib/python3.12/site-packages/nbclient/client.py", line 1058, in async_execute_cell
    await self._check_raise_for_error(cell, cell_index, exec_reply)
  File "/home/panxopanza/miniconda3/lib/python3.12/site-packages/nbclient/client.py", line 914, in _check_raise_for_error
    raise CellExecutionError.from_cell_and_msg(cell, exec_reply_content)
nbclient.exceptions.CellExecutionError: An error occurred while executing the following cell:
------------------
# -------------------------------------------------------------------
# librerías adicionales 
import numpy as np
import matplotlib.pyplot as plt
from matplotlib.ticker import ScalarFormatter, FuncFormatter
# -------------------------------------------------------------------

import empylib.ref_spectra as rf

T = 300
lam = np.linspace(2.0,100,1000) # espectro de longitudes de onda (de 2 a 100 micrones)
Ibb = rf.Bplanck(lam,T)         # Temperatura del cuerpo negro

# Graficamos resultados
fig, ax = plt.subplots()
plt.rcParams['font.size'] = '12'
ax.plot(lam,Ibb,'-r')    # graficar absortancia

ax.set_xlabel('Longitud de onda ($\mu$m)')
ax.set_ylabel('Radiancia espectral (W/m$^2$-$\mu$m-sr)')
ax.set_title('Radiancia espectral de cuerpo negro (%i K)' % T)
ax.set_xlim(2,100)
plt.show()
------------------

----- stderr -----
<>:19: SyntaxWarning: invalid escape sequence '\m'
<>:20: SyntaxWarning: invalid escape sequence '\m'
<>:19: SyntaxWarning: invalid escape sequence '\m'
<>:20: SyntaxWarning: invalid escape sequence '\m'
/tmp/ipykernel_450/4210372336.py:19: SyntaxWarning: invalid escape sequence '\m'
  ax.set_xlabel('Longitud de onda ($\mu$m)')
/tmp/ipykernel_450/4210372336.py:20: SyntaxWarning: invalid escape sequence '\m'
  ax.set_ylabel('Radiancia espectral (W/m$^2$-$\mu$m-sr)')
----- stderr -----
/tmp/ipykernel_450/4210372336.py:19: SyntaxWarning: invalid escape sequence '\m'
  ax.set_xlabel('Longitud de onda ($\mu$m)')
/tmp/ipykernel_450/4210372336.py:20: SyntaxWarning: invalid escape sequence '\m'
  ax.set_ylabel('Radiancia espectral (W/m$^2$-$\mu$m-sr)')
------------------

[0;31m---------------------------------------------------------------------------[0m
[0;31mModuleNotFoundError[0m                       Traceback (most recent call last)
Cell [0;32mIn[3], line 4[0m
[1;32m      1[0m [38;5;66;03m# -------------------------------------------------------------------[39;00m
[1;32m      2[0m [38;5;66;03m# librerías adicionales [39;00m
[1;32m      3[0m [38;5;28;01mimport[39;00m [38;5;21;01mnumpy[39;00m [38;5;28;01mas[39;00m [38;5;21;01mnp[39;00m
[0;32m----> 4[0m [38;5;28;01mimport[39;00m [38;5;21;01mmatplotlib[39;00m[38;5;21;01m.[39;00m[38;5;21;01mpyplot[39;00m [38;5;28;01mas[39;00m [38;5;21;01mplt[39;00m
[1;32m      5[0m [38;5;28;01mfrom[39;00m [38;5;21;01mmatplotlib[39;00m[38;5;21;01m.[39;00m[38;5;21;01mticker[39;00m [38;5;28;01mimport[39;00m ScalarFormatter, FuncFormatter
[1;32m      6[0m [38;5;66;03m# -------------------------------------------------------------------[39;00m

[0;31mModuleNotFoundError[0m: No module named 'matplotlib'

