Traceback (most recent call last):
  File "/home/panxopanza/miniconda3/lib/python3.10/site-packages/jupyter_cache/executors/utils.py", line 51, in single_nb_execution
    executenb(
  File "/home/panxopanza/miniconda3/lib/python3.10/site-packages/nbclient/client.py", line 1204, in execute
    return NotebookClient(nb=nb, resources=resources, km=km, **kwargs).execute()
  File "/home/panxopanza/miniconda3/lib/python3.10/site-packages/nbclient/util.py", line 84, in wrapped
    return just_run(coro(*args, **kwargs))
  File "/home/panxopanza/miniconda3/lib/python3.10/site-packages/nbclient/util.py", line 62, in just_run
    return loop.run_until_complete(coro)
  File "/home/panxopanza/miniconda3/lib/python3.10/asyncio/base_events.py", line 649, in run_until_complete
    return future.result()
  File "/home/panxopanza/miniconda3/lib/python3.10/site-packages/nbclient/client.py", line 663, in async_execute
    await self.async_execute_cell(
  File "/home/panxopanza/miniconda3/lib/python3.10/site-packages/nbclient/client.py", line 965, in async_execute_cell
    await self._check_raise_for_error(cell, cell_index, exec_reply)
  File "/home/panxopanza/miniconda3/lib/python3.10/site-packages/nbclient/client.py", line 862, in _check_raise_for_error
    raise CellExecutionError.from_cell_and_msg(cell, exec_reply_content)
nbclient.exceptions.CellExecutionError: An error occurred while executing the following cell:
------------------
lam = np.linspace(0.3,1.0,100) #espectro de longitudes de onda (arreglo de 100 puntos entre 0.3 y 1.0 micrones)
Nh = nk.SiO2(lam) # índice de refracción medio circundante
Np = nk.gold(lam) # índice de refracción partícula
D = 0.100         # diámetro de la partícula (micrones)

# determinamos parámetros de eficiencia
qext, qsca = mie.scatter_efficiency(lam,Nh,Np,D)[:2]

# convertimos los resultados a secciones transversales
Ac = np.pi*D**2/4 # sección transversal de la partícula
Csca = qsca*Ac
Cext = qext*Ac
Cabs = Cext - Csca

# graficamos los resultados
plt.plot(lam,Csca,'-r',label='$C_\mathrm{sca}$')
plt.plot(lam,Cabs,'-b',label='$C_\mathrm{abs}$')
plt.plot(lam,Cext,'-k',label='$C_\mathrm{ext}$')
plt.xlabel('Longitud de onda ($\mu$m)')
plt.ylabel('Sección transversal ($\mu$m$^2$)')
plt.title('Scattering EM partícula de oro en sílice')
plt.legend()
plt.show()
------------------

[0;31m---------------------------------------------------------------------------[0m
[0;31mAttributeError[0m                            Traceback (most recent call last)
Cell [0;32mIn[24], line 7[0m
[1;32m      4[0m D [38;5;241m=[39m [38;5;241m0.100[39m         [38;5;66;03m# diámetro de la partícula (micrones)[39;00m
[1;32m      6[0m [38;5;66;03m# determinamos parámetros de eficiencia[39;00m
[0;32m----> 7[0m qext, qsca [38;5;241m=[39m [43mmie[49m[38;5;241;43m.[39;49m[43mscatter_efficiency[49m(lam,Nh,Np,D)[:[38;5;241m2[39m]
[1;32m      9[0m [38;5;66;03m# convertimos los resultados a secciones transversales[39;00m
[1;32m     10[0m Ac [38;5;241m=[39m np[38;5;241m.[39mpi[38;5;241m*[39mD[38;5;241m*[39m[38;5;241m*[39m[38;5;241m2[39m[38;5;241m/[39m[38;5;241m4[39m [38;5;66;03m# sección transversal de la partícula[39;00m

[0;31mAttributeError[0m: module 'empylib.miescattering' has no attribute 'scatter_efficiency'
AttributeError: module 'empylib.miescattering' has no attribute 'scatter_efficiency'

