Traceback (most recent call last):
  File "/home/panxopanza/s/miniconda3/lib/python3.9/site-packages/jupyter_cache/executors/utils.py", line 51, in single_nb_execution
    executenb(
  File "/home/panxopanza/s/miniconda3/lib/python3.9/site-packages/nbclient/client.py", line 1204, in execute
    return NotebookClient(nb=nb, resources=resources, km=km, **kwargs).execute()
  File "/home/panxopanza/s/miniconda3/lib/python3.9/site-packages/nbclient/util.py", line 84, in wrapped
    return just_run(coro(*args, **kwargs))
  File "/home/panxopanza/s/miniconda3/lib/python3.9/site-packages/nbclient/util.py", line 62, in just_run
    return loop.run_until_complete(coro)
  File "/home/panxopanza/s/miniconda3/lib/python3.9/asyncio/base_events.py", line 647, in run_until_complete
    return future.result()
  File "/home/panxopanza/s/miniconda3/lib/python3.9/site-packages/nbclient/client.py", line 663, in async_execute
    await self.async_execute_cell(
  File "/home/panxopanza/s/miniconda3/lib/python3.9/site-packages/nbclient/client.py", line 965, in async_execute_cell
    await self._check_raise_for_error(cell, cell_index, exec_reply)
  File "/home/panxopanza/s/miniconda3/lib/python3.9/site-packages/nbclient/client.py", line 862, in _check_raise_for_error
    raise CellExecutionError.from_cell_and_msg(cell, exec_reply_content)
nbclient.exceptions.CellExecutionError: An error occurred while executing the following cell:
------------------
import numpy as np
import empylib.waveoptics as wv
import empylib.nklib as nk

lam = np.linspace(0.3,0.8,100)  # espectro de longitudes de onda (um)
theta = np.radians(30)          # ángulo de incidencia

Nfront = 1.0                 # índice de refracción medio superior
N1     = nk.SiO2(lam)        # índice de refracción capa delgada
Nback  = 4.3                 # índice de refracción medio inferior
N = (Nfront, N1, Nback)      # indices de refracción (above, mid, below)
d = 1.0                      # espesor capa intermedia (um)

# caso luz incoherente
Rp_incoh, Tp_incoh = wv.incoh_multilayer(lam,theta, N, d, pol='TM')
# caso luz coherente
Rp, Tp = wv.multilayer(lam,theta, N, d, pol='TM')[:2]
------------------

[0;31m---------------------------------------------------------------------------[0m
[0;31mModuleNotFoundError[0m                       Traceback (most recent call last)
Input [0;32mIn [5][0m, in [0;36m<cell line: 2>[0;34m()[0m
[1;32m      1[0m [38;5;28;01mimport[39;00m [38;5;21;01mnumpy[39;00m [38;5;28;01mas[39;00m [38;5;21;01mnp[39;00m
[0;32m----> 2[0m [38;5;28;01mimport[39;00m [38;5;21;01mempylib[39;00m[38;5;21;01m.[39;00m[38;5;21;01mwaveoptics[39;00m [38;5;28;01mas[39;00m [38;5;21;01mwv[39;00m
[1;32m      3[0m [38;5;28;01mimport[39;00m [38;5;21;01mempylib[39;00m[38;5;21;01m.[39;00m[38;5;21;01mnklib[39;00m [38;5;28;01mas[39;00m [38;5;21;01mnk[39;00m
[1;32m      5[0m lam [38;5;241m=[39m np[38;5;241m.[39mlinspace([38;5;241m0.3[39m,[38;5;241m0.8[39m,[38;5;241m100[39m)  [38;5;66;03m# espectro de longitudes de onda (um)[39;00m

File [0;32m/mnt/c/Users/francisco.ramirez.c/OneDrive - Universidad Adolfo Ibanez/Teaching_courses/Manejo_y_Conversion_Energia_Solar_Termica/material_catedra/5_TransporteRadiativo/empylib/__init__.py:6[0m, in [0;36m<module>[0;34m[0m
[1;32m      4[0m [38;5;28;01mfrom[39;00m [38;5;21;01m.[39;00m [38;5;28;01mimport[39;00m miescattering
[1;32m      5[0m [38;5;28;01mfrom[39;00m [38;5;21;01m.[39;00m [38;5;28;01mimport[39;00m waveoptics
[0;32m----> 6[0m [38;5;28;01mfrom[39;00m [38;5;21;01m.[39;00m [38;5;28;01mimport[39;00m rad_transfer
[1;32m      8[0m [38;5;66;03m# standard constants[39;00m
[1;32m      9[0m e_charge [38;5;241m=[39m [38;5;241m1.602176634E-19[39m      [38;5;66;03m# C (elementary charge)[39;00m

File [0;32m/mnt/c/Users/francisco.ramirez.c/OneDrive - Universidad Adolfo Ibanez/Teaching_courses/Manejo_y_Conversion_Energia_Solar_Termica/material_catedra/5_TransporteRadiativo/empylib/rad_transfer/__init__.py:2[0m, in [0;36m<module>[0;34m[0m
[0;32m----> 2[0m [38;5;28;01mfrom[39;00m [38;5;21;01m.[39;00m[38;5;21;01mrad_transfer[39;00m [38;5;28;01mimport[39;00m [38;5;241m*[39m

File [0;32m/mnt/c/Users/francisco.ramirez.c/OneDrive - Universidad Adolfo Ibanez/Teaching_courses/Manejo_y_Conversion_Energia_Solar_Termica/material_catedra/5_TransporteRadiativo/empylib/rad_transfer/rad_transfer.py:19[0m, in [0;36m<module>[0;34m[0m
[1;32m     17[0m [38;5;28;01mimport[39;00m [38;5;21;01mmiescattering[39;00m [38;5;28;01mas[39;00m [38;5;21;01mmie[39;00m
[1;32m     18[0m [38;5;28;01mimport[39;00m [38;5;21;01mwaveoptics[39;00m [38;5;28;01mas[39;00m [38;5;21;01mwv[39;00m
[0;32m---> 19[0m [38;5;28;01mimport[39;00m [38;5;21;01miadpython[39;00m [38;5;28;01mas[39;00m [38;5;21;01miad[39;00m
[1;32m     21[0m [38;5;28;01mdef[39;00m [38;5;21mT_beer_lambert[39m(lam,theta, tfilm, Nlayer,fv,D,Np):
[1;32m     22[0m     [38;5;124;03m'''[39;00m
[1;32m     23[0m [38;5;124;03m    Transmittance from Beer-Lamberts law for a film with spherical particles[39;00m
[1;32m     24[0m 
[0;32m   (...)[0m
[1;32m     57[0m 
[1;32m     58[0m [38;5;124;03m    '''[39;00m

[0;31mModuleNotFoundError[0m: No module named 'iadpython'
ModuleNotFoundError: No module named 'iadpython'

