Traceback (most recent call last):
  File "/home/panxopanza/miniconda3/lib/python3.11/site-packages/jupyter_cache/executors/utils.py", line 58, in single_nb_execution
    executenb(
  File "/home/panxopanza/miniconda3/lib/python3.11/site-packages/nbclient/client.py", line 1305, in execute
    return NotebookClient(nb=nb, resources=resources, km=km, **kwargs).execute()
           ^^^^^^^^^^^^^^^^^^^^^^^^^^^^^^^^^^^^^^^^^^^^^^^^^^^^^^^^^^^^^^^^^^^^^
  File "/home/panxopanza/miniconda3/lib/python3.11/site-packages/jupyter_core/utils/__init__.py", line 165, in wrapped
    return loop.run_until_complete(inner)
           ^^^^^^^^^^^^^^^^^^^^^^^^^^^^^^
  File "/home/panxopanza/miniconda3/lib/python3.11/asyncio/base_events.py", line 653, in run_until_complete
    return future.result()
           ^^^^^^^^^^^^^^^
  File "/home/panxopanza/miniconda3/lib/python3.11/site-packages/nbclient/client.py", line 705, in async_execute
    await self.async_execute_cell(
  File "/home/panxopanza/miniconda3/lib/python3.11/site-packages/nbclient/client.py", line 1058, in async_execute_cell
    await self._check_raise_for_error(cell, cell_index, exec_reply)
  File "/home/panxopanza/miniconda3/lib/python3.11/site-packages/nbclient/client.py", line 914, in _check_raise_for_error
    raise CellExecutionError.from_cell_and_msg(cell, exec_reply_content)
nbclient.exceptions.CellExecutionError: An error occurred while executing the following cell:
------------------
import matplotlib.pyplot as plt

# librería para transformación de espectro a código RGB
from empylib.ref_spectra import color_system as cs
cs = cs.srgb

# formateamos el lienzo de la figura
fig, ax = plt.subplots()
fig.set_size_inches(6, 4)
plt.rcParams['font.size'] = '14'

# Graficamos cada curva del estandar CIE XYZ
plt.fill(cs.lam_cmf,cs.cmf[:,0],color='red'  ,alpha=0.5,edgecolor=None,label='$\overline{x}~(\lambda)$')
plt.fill(cs.lam_cmf,cs.cmf[:,1],color='green',alpha=0.5,edgecolor=None,label='$\overline{y}~(\lambda)$')
plt.fill(cs.lam_cmf,cs.cmf[:,2],color='blue' ,alpha=0.5,edgecolor=None,label='$\overline{z}~(\lambda)$')

# Ajustamos formato de ejes
plt.ylim(0,2)
plt.tick_params(left = False,labelleft = False)
plt.xlabel('Longitud de onda ($\mu$m)')
plt.legend();
------------------


[0;31m---------------------------------------------------------------------------[0m
[0;31mImportError[0m                               Traceback (most recent call last)
Cell [0;32mIn[2], line 4[0m
[1;32m      1[0m [38;5;28;01mimport[39;00m [38;5;21;01mmatplotlib[39;00m[38;5;21;01m.[39;00m[38;5;21;01mpyplot[39;00m [38;5;28;01mas[39;00m [38;5;21;01mplt[39;00m
[1;32m      3[0m [38;5;66;03m# librería para transformación de espectro a código RGB[39;00m
[0;32m----> 4[0m [38;5;28;01mfrom[39;00m [38;5;21;01mempylib[39;00m[38;5;21;01m.[39;00m[38;5;21;01mref_spectra[39;00m [38;5;28;01mimport[39;00m color_system [38;5;28;01mas[39;00m cs
[1;32m      5[0m cs [38;5;241m=[39m cs[38;5;241m.[39msrgb
[1;32m      7[0m [38;5;66;03m# formateamos el lienzo de la figura[39;00m

[0;31mImportError[0m: cannot import name 'color_system' from 'empylib.ref_spectra' (/home/panxopanza/miniconda3/lib/python3.11/site-packages/empylib/ref_spectra.py)

