Traceback (most recent call last):
  File "/home/panxopanza/miniconda3/lib/python3.12/site-packages/jupyter_cache/executors/utils.py", line 58, in single_nb_execution
    executenb(
  File "/home/panxopanza/miniconda3/lib/python3.12/site-packages/nbclient/client.py", line 1305, in execute
    return NotebookClient(nb=nb, resources=resources, km=km, **kwargs).execute()
           ^^^^^^^^^^^^^^^^^^^^^^^^^^^^^^^^^^^^^^^^^^^^^^^^^^^^^^^^^^^^^^^^^^^^^
  File "/home/panxopanza/miniconda3/lib/python3.12/site-packages/jupyter_core/utils/__init__.py", line 173, in wrapped
    return loop.run_until_complete(inner)
           ^^^^^^^^^^^^^^^^^^^^^^^^^^^^^^
  File "/home/panxopanza/miniconda3/lib/python3.12/asyncio/base_events.py", line 685, in run_until_complete
    return future.result()
           ^^^^^^^^^^^^^^^
  File "/home/panxopanza/miniconda3/lib/python3.12/site-packages/nbclient/client.py", line 705, in async_execute
    await self.async_execute_cell(
  File "/home/panxopanza/miniconda3/lib/python3.12/site-packages/nbclient/client.py", line 1058, in async_execute_cell
    await self._check_raise_for_error(cell, cell_index, exec_reply)
  File "/home/panxopanza/miniconda3/lib/python3.12/site-packages/nbclient/client.py", line 914, in _check_raise_for_error
    raise CellExecutionError.from_cell_and_msg(cell, exec_reply_content)
nbclient.exceptions.CellExecutionError: An error occurred while executing the following cell:
------------------
import numpy as np
from numpy.random import normal
import matplotlib.pyplot as plt

def light_packet(kdir, x, t, lam, sig, N):
    c0 = 3E8          # velocidad de la luz (m/s)
    xx = np.meshgrid(x,np.ones(N))[0]
    
    # Generamos arreglo de ondas aleatorias
    dlamj =  normal(0, lam*sig,N)
    kj = (2*np.pi/(lam + dlamj)).reshape(-1,1)
    wj = c0*kj
    Erand = np.exp(1j*(kdir*kj*xx-wj*t)) 
    
    # Sumamos todas las ondas
    return np.sum(Erand,axis=0)
 
def plot_light_packet(N, t, sig):
    '''
    n: número de ondas generadas
    t: tiempo en ns
    sig: % de ancho de banda (dlam = sig*lam)
    '''
    lam = 0.5         # longitud de onda (um)
    t = t*1E-9 # convertimos ns a s
    
    # recorrido de la onda
    x = np.linspace(-2,2,1000)  # desde 0 a 4 micrones
    E = light_packet(1, x, t, lam, sig, N)
    
    # Graficamos
    fig, ax = plt.subplots()
    fig.set_size_inches(6, 3)
    plt.rcParams['font.size'] = '12'
    
    ax.plot(x,np.real(E), 'k')
    ax.set_xlabel('x ($\mu$m)')
    ax.set_ylabel('Amplitud $|E|/E_0$')
    ax.set_ylim(-N*1.1,N*1.1)
    ax.grid()

------------------

----- stderr -----
<>:37: SyntaxWarning: invalid escape sequence '\m'
<>:37: SyntaxWarning: invalid escape sequence '\m'
/tmp/ipykernel_234/442575716.py:37: SyntaxWarning: invalid escape sequence '\m'
  ax.set_xlabel('x ($\mu$m)')
----- stderr -----
/tmp/ipykernel_234/442575716.py:37: SyntaxWarning: invalid escape sequence '\m'
  ax.set_xlabel('x ($\mu$m)')
------------------

[0;31m---------------------------------------------------------------------------[0m
[0;31mModuleNotFoundError[0m                       Traceback (most recent call last)
Cell [0;32mIn[2], line 3[0m
[1;32m      1[0m [38;5;28;01mimport[39;00m [38;5;21;01mnumpy[39;00m [38;5;28;01mas[39;00m [38;5;21;01mnp[39;00m
[1;32m      2[0m [38;5;28;01mfrom[39;00m [38;5;21;01mnumpy[39;00m[38;5;21;01m.[39;00m[38;5;21;01mrandom[39;00m [38;5;28;01mimport[39;00m normal
[0;32m----> 3[0m [38;5;28;01mimport[39;00m [38;5;21;01mmatplotlib[39;00m[38;5;21;01m.[39;00m[38;5;21;01mpyplot[39;00m [38;5;28;01mas[39;00m [38;5;21;01mplt[39;00m
[1;32m      5[0m [38;5;28;01mdef[39;00m [38;5;21mlight_packet[39m(kdir, x, t, lam, sig, N):
[1;32m      6[0m     c0 [38;5;241m=[39m [38;5;241m3E8[39m          [38;5;66;03m# velocidad de la luz (m/s)[39;00m

[0;31mModuleNotFoundError[0m: No module named 'matplotlib'

