Traceback (most recent call last):
  File "/home/panxopanza/s/miniconda3/lib/python3.9/site-packages/jupyter_cache/executors/utils.py", line 58, in single_nb_execution
    executenb(
  File "/home/panxopanza/s/miniconda3/lib/python3.9/site-packages/nbclient/client.py", line 1204, in execute
    return NotebookClient(nb=nb, resources=resources, km=km, **kwargs).execute()
  File "/home/panxopanza/s/miniconda3/lib/python3.9/site-packages/nbclient/util.py", line 84, in wrapped
    return just_run(coro(*args, **kwargs))
  File "/home/panxopanza/s/miniconda3/lib/python3.9/site-packages/nbclient/util.py", line 62, in just_run
    return loop.run_until_complete(coro)
  File "/home/panxopanza/s/miniconda3/lib/python3.9/asyncio/base_events.py", line 647, in run_until_complete
    return future.result()
  File "/home/panxopanza/s/miniconda3/lib/python3.9/site-packages/nbclient/client.py", line 663, in async_execute
    await self.async_execute_cell(
  File "/home/panxopanza/s/miniconda3/lib/python3.9/site-packages/nbclient/client.py", line 965, in async_execute_cell
    await self._check_raise_for_error(cell, cell_index, exec_reply)
  File "/home/panxopanza/s/miniconda3/lib/python3.9/site-packages/nbclient/client.py", line 862, in _check_raise_for_error
    raise CellExecutionError.from_cell_and_msg(cell, exec_reply_content)
nbclient.exceptions.CellExecutionError: An error occurred while executing the following cell:
------------------
# Mostramos resultado en formato dataframe (solo para visualización)
column_values = ['Geff (W/m2)', 'Tcell (°C)', 'IL (A)', 'I0 (A)', 'Rs (Ohm)', 'Rsh (Ohm)', 'nNsVth (V)']

pd.DataFrame(data = np.vstack((Geff, temp_cell, IL, I0, Rs, Rsh, nNsVth)).T,  
            columns = column_values) 
------------------

[0;31m---------------------------------------------------------------------------[0m
[0;31mValueError[0m                                Traceback (most recent call last)
Cell [0;32mIn[17], line 4[0m
[1;32m      1[0m [38;5;66;03m# Mostramos resultado en formato dataframe (solo para visualización)[39;00m
[1;32m      2[0m column_values [38;5;241m=[39m [[38;5;124m'[39m[38;5;124mGeff (W/m2)[39m[38;5;124m'[39m, [38;5;124m'[39m[38;5;124mTcell (°C)[39m[38;5;124m'[39m, [38;5;124m'[39m[38;5;124mIL (A)[39m[38;5;124m'[39m, [38;5;124m'[39m[38;5;124mI0 (A)[39m[38;5;124m'[39m, [38;5;124m'[39m[38;5;124mRs (Ohm)[39m[38;5;124m'[39m, [38;5;124m'[39m[38;5;124mRsh (Ohm)[39m[38;5;124m'[39m, [38;5;124m'[39m[38;5;124mnNsVth (V)[39m[38;5;124m'[39m]
[0;32m----> 4[0m pd[38;5;241m.[39mDataFrame(data [38;5;241m=[39m [43mnp[49m[38;5;241;43m.[39;49m[43mvstack[49m[43m([49m[43m([49m[43mGeff[49m[43m,[49m[43m [49m[43mtemp_cell[49m[43m,[49m[43m [49m[43mIL[49m[43m,[49m[43m [49m[43mI0[49m[43m,[49m[43m [49m[43mRs[49m[43m,[49m[43m [49m[43mRsh[49m[43m,[49m[43m [49m[43mnNsVth[49m[43m)[49m[43m)[49m[38;5;241m.[39mT,  
[1;32m      5[0m             columns [38;5;241m=[39m column_values) 

File [0;32m<__array_function__ internals>:180[0m, in [0;36mvstack[0;34m(*args, **kwargs)[0m

File [0;32m~/s/miniconda3/lib/python3.9/site-packages/numpy/core/shape_base.py:282[0m, in [0;36mvstack[0;34m(tup)[0m
[1;32m    280[0m [38;5;28;01mif[39;00m [38;5;129;01mnot[39;00m [38;5;28misinstance[39m(arrs, [38;5;28mlist[39m):
[1;32m    281[0m     arrs [38;5;241m=[39m [arrs]
[0;32m--> 282[0m [38;5;28;01mreturn[39;00m [43m_nx[49m[38;5;241;43m.[39;49m[43mconcatenate[49m[43m([49m[43marrs[49m[43m,[49m[43m [49m[38;5;241;43m0[39;49m[43m)[49m

File [0;32m<__array_function__ internals>:180[0m, in [0;36mconcatenate[0;34m(*args, **kwargs)[0m

[0;31mValueError[0m: all the input array dimensions for the concatenation axis must match exactly, but along dimension 1, the array at index 0 has size 4 and the array at index 4 has size 1
ValueError: all the input array dimensions for the concatenation axis must match exactly, but along dimension 1, the array at index 0 has size 4 and the array at index 4 has size 1

